[00:55:56] [ServerMain/INFO]: Environment: Environment[sessionHost=https://sessionserver.mojang.com, servicesHost=https://api.minecraftservices.com, name=PROD]
[00:55:57] [ServerMain/INFO]: Loaded 7 recipes
[00:55:58] [ServerMain/INFO]: Loaded 1280 advancements
[00:55:59] [Server thread/INFO]: Starting minecraft server version 1.20.4
[00:55:59] [Server thread/INFO]: Loading properties
[00:55:59] [Server thread/INFO]: Default game type: SURVIVAL
[00:55:59] [Server thread/INFO]: Generating keypair
[00:55:59] [Server thread/INFO]: Starting Minecraft server on 192.168.86.140:25565
[00:55:59] [Server thread/INFO]: Using default channel type
[00:55:59] [Server thread/INFO]: Preparing level "world"
[00:56:00] [Server thread/INFO]: Preparing start region for dimension minecraft:overworld
[00:56:02] [Worker-Main-5/INFO]: Preparing spawn area: 0%
[00:56:02] [Worker-Main-4/INFO]: Preparing spawn area: 0%
[00:56:02] [Worker-Main-4/INFO]: Preparing spawn area: 0%
[00:56:02] [Worker-Main-4/INFO]: Preparing spawn area: 0%
[00:56:02] [Worker-Main-4/INFO]: Preparing spawn area: 0%
[00:56:03] [Worker-Main-4/INFO]: Preparing spawn area: 27%
[00:56:03] [Server thread/INFO]: Time elapsed: 2782 ms
[00:56:03] [Server thread/INFO]: Done (4.262s)! For help, type "help"
[00:59:08] [User Authenticator #1/INFO]: UUID of player Zumquirelle is 0656d51b-fc45-439f-8850-f95f9f205cc5
[00:59:08] [Server thread/INFO]: Zumquirelle[/24.60.30.191:52284] logged in with entity id 70 at (-1699.8664046033844, 70.0, -2164.7364093090423)
[00:59:08] [Server thread/INFO]: Zumquirelle joined the game
[01:16:54] [Server thread/INFO]: Zumquirelle lost connection: Disconnected
[01:16:54] [Server thread/INFO]: Zumquirelle left the game
[01:16:56] [User Authenticator #2/INFO]: UUID of player Zumquirelle is 0656d51b-fc45-439f-8850-f95f9f205cc5
[01:16:56] [Server thread/INFO]: Zumquirelle[/24.60.30.191:52321] logged in with entity id 2363 at (-1736.8130371566083, 69.9375, -2140.615013094839)
[01:16:56] [Server thread/INFO]: Zumquirelle joined the game
[01:17:47] [Server thread/INFO]: Zumquirelle lost connection: Disconnected
[01:17:47] [Server thread/INFO]: Zumquirelle left the game
[01:17:48] [User Authenticator #3/INFO]: UUID of player Zumquirelle is 0656d51b-fc45-439f-8850-f95f9f205cc5
[01:17:48] [Server thread/INFO]: Zumquirelle[/24.60.30.191:52329] logged in with entity id 2661 at (-1731.314237089589, 69.9375, -2135.6589455784706)
[01:17:48] [Server thread/INFO]: Zumquirelle joined the game
[01:23:18] [Server thread/INFO]: Zumquirelle lost connection: Disconnected
[01:23:18] [Server thread/INFO]: Zumquirelle left the game
[11:26:15] [User Authenticator #4/INFO]: UUID of player Zumquirelle is 0656d51b-fc45-439f-8850-f95f9f205cc5
[11:26:16] [Server thread/INFO]: Zumquirelle[/24.60.30.191:50213] logged in with entity id 3549 at (-1707.1517116734317, 69.0, -2166.7619666538712)
[11:26:16] [Server thread/INFO]: Zumquirelle joined the game
[11:31:13] [User Authenticator #5/INFO]: UUID of player Bemf is 258fbffa-8298-496c-b36b-2e67556655e5
[11:31:13] [Server thread/INFO]: Bemf[/130.64.64.69:58696] logged in with entity id 4415 at (-1320.4273476903065, 76.0, -2331.7415385602103)
[11:31:13] [Server thread/INFO]: Bemf joined the game
[11:31:19] [Server thread/INFO]: <Bemf> morning
[11:31:22] [Server thread/INFO]: <Zumquirelle> indeed
[11:42:21] [Server thread/WARN]: Mismatch in destroy block pos: hx{x=7878, y=66, z=-869} hx{x=7879, y=66, z=-868}
[11:42:21] [Server thread/WARN]: Mismatch in destroy block pos: hx{x=7878, y=66, z=-869} hx{x=7879, y=66, z=-868}
[12:00:40] [Server thread/INFO]: Zumquirelle lost connection: Disconnected
[12:00:40] [Server thread/INFO]: Zumquirelle left the game
[12:00:47] [User Authenticator #6/INFO]: UUID of player Zumquirelle is 0656d51b-fc45-439f-8850-f95f9f205cc5
[12:00:48] [Server thread/INFO]: Zumquirelle[/24.60.30.191:50323] logged in with entity id 24433 at (-1804.244401256489, 72.0, -2139.7057231259514)
[12:00:48] [Server thread/INFO]: Zumquirelle joined the game
[12:16:47] [Server thread/INFO]: <Bemf> we should build some sort of food farm
[12:16:51] [Server thread/INFO]: <Bemf> maybe hoglin
[12:20:15] [Server thread/INFO]: <Bemf> got dirt?
[12:20:19] [Server thread/INFO]: <Zumquirelle> yeah
[12:20:37] [Server thread/INFO]: <Bemf> thx
[12:31:03] [Server thread/INFO]: <Bemf> can i get your rough coords?
[12:31:09] [Server thread/INFO]: <Zumquirelle> same fucking place
[12:31:13] [Server thread/INFO]: <Bemf> im lost
[12:31:27] [Server thread/INFO]: <Zumquirelle> -1809, -2000
[12:31:30] [Server thread/INFO]: <Bemf> thx
[12:43:24] [Server thread/WARN]: Mismatch in destroy block pos: hx{x=-1280, y=75, z=-2310} hx{x=-1279, y=79, z=-2310}
[12:44:36] [Server thread/WARN]: Mismatch in destroy block pos: hx{x=-914, y=57, z=-2301} hx{x=-915, y=56, z=-2301}
[12:56:45] [Server thread/WARN]: Zumquirelle moved too quickly! -16.561136368202842,-5.595534176095811,0.16402768566911163
[13:14:42] [Server thread/INFO]: <Bemf> 88
[13:15:34] [Server thread/INFO]: <Bemf> 12
[13:15:40] [Server thread/INFO]: <Zumquirelle> what
[13:15:48] [Server thread/INFO]: <Bemf> just numbers
[13:23:57] [Server thread/WARN]: Bamboo Raft (vehicle of Bemf) moved wrongly! 1.9315078459233064
[13:27:58] [Server thread/INFO]: Zumquirelle lost connection: Disconnected
[13:27:58] [Server thread/INFO]: Zumquirelle left the game
[13:58:28] [Server thread/WARN]: Bamboo Raft (vehicle of Bemf) moved too quickly! -10.536778640669127,9.989552923285999,-1.463351211097688
[13:58:28] [Server thread/WARN]: Bamboo Raft (vehicle of Bemf) moved too quickly! -10.498960771488782,9.949679630780182,-1.4598198240792044
[13:58:33] [Server thread/INFO]: Bemf lost connection: Disconnected
[13:58:33] [Server thread/INFO]: Bemf left the game
[13:58:34] [User Authenticator #7/INFO]: UUID of player Bemf is 258fbffa-8298-496c-b36b-2e67556655e5
[13:58:34] [Server thread/INFO]: Bemf[/130.64.64.69:18818] logged in with entity id 89835 at (-1285.6528698608263, 63.08294707671401, -2350.6046534082416)
[13:58:34] [Server thread/INFO]: Bemf joined the game
[14:00:22] [Server thread/WARN]: Bamboo Raft (vehicle of Bemf) moved wrongly! 1.614519381379715
[14:00:22] [Server thread/WARN]: Bamboo Raft (vehicle of Bemf) moved wrongly! 1.4613752776460842
[14:00:22] [Server thread/WARN]: Bamboo Raft (vehicle of Bemf) moved wrongly! 1.4543784742047592
[14:06:39] [Server thread/INFO]: Bemf lost connection: Disconnected
[14:06:39] [Server thread/INFO]: Bemf left the game
[14:53:09] [Server thread/INFO]: Stopping the server
[14:53:09] [Server thread/INFO]: Stopping server
[14:53:09] [Server thread/INFO]: Saving players
[14:53:09] [Server thread/INFO]: Saving worlds
[14:53:09] [Server thread/INFO]: Saving chunks for level 'ServerLevel[world]'/minecraft:overworld
[14:53:09] [Server thread/INFO]: Saving chunks for level 'ServerLevel[world]'/minecraft:the_end
[14:53:09] [Server thread/INFO]: Saving chunks for level 'ServerLevel[world]'/minecraft:the_nether
[14:53:09] [Server thread/INFO]: ThreadedAnvilChunkStorage (world): All chunks are saved
[14:53:09] [Server thread/INFO]: ThreadedAnvilChunkStorage (DIM1): All chunks are saved
[14:53:09] [Server thread/INFO]: ThreadedAnvilChunkStorage (DIM-1): All chunks are saved
[14:53:09] [Server thread/INFO]: ThreadedAnvilChunkStorage: All dimensions are saved
